New log file opened at Thu Jul 07 13:09:30 CST 2016 by 19708@diyan-devbox
Taking next connection to: 34141
New client attempting to connect on port: 34142-34141
  Address = /10.172.15.132:34141
This client on port 34142 has uuid 7d2c6122-12ca-4764-b221-0181a34b56e5 configName activator humanReadableName Activator protocolVersion 3 featureTags Vector()
Connected Clients: activator-7d2c6122-12ca-4764-b221-0181a34b56e5
Taking next connection to: 34141
New client attempting to connect on port: 34181-34141
  Address = /10.172.15.132:34141
Handshake exception on socket: 34181
sbt.impl.ipc.HandshakeException: Unable to perform handshake
	at sbt.impl.ipc.Peer.handshake(IPC.scala:46)
	at sbt.impl.ipc.MultiClientServer.<init>(IPC.scala:150)
	at sbt.server.SbtServerSocketHandler$$anon$1.run(SbtServerSocketHandler.scala:43)
Caused by: java.net.SocketException: Software caused connection abort: recv failed
	at java.net.SocketInputStream.socketRead0(Native Method)
	at java.net.SocketInputStream.socketRead(SocketInputStream.java:116)
	at java.net.SocketInputStream.read(SocketInputStream.java:170)
	at java.net.SocketInputStream.read(SocketInputStream.java:141)
	at java.io.BufferedInputStream.fill(BufferedInputStream.java:246)
	at java.io.BufferedInputStream.read(BufferedInputStream.java:265)
	at java.io.DataInputStream.readInt(DataInputStream.java:387)
	at sbt.impl.ipc.Peer.receive(IPC.scala:95)
	at sbt.impl.ipc.Peer.handshake(IPC.scala:49)
	... 2 more
Taking next connection to: 34141
New client attempting to connect on port: 34182-34141
  Address = /10.172.15.132:34141
This client on port 34182 has uuid a6b330f2-574b-4f6e-b9cc-57e4e06c2bf0 configName play-fork-run humanReadableName Play Fork Run protocolVersion 1 featureTags Vector()
Connected Clients: activator-7d2c6122-12ca-4764-b221-0181a34b56e5, play-fork-run-a6b330f2-574b-4f6e-b9cc-57e4e06c2bf0
Taking next connection to: 34141
